<?xml version="1.0" encoding="UTF-8"?>
<!-- Generated by org.testng.reporters.JUnitXMLReporter -->
<testsuite ignored="0" hostname="DESKTOP-264VL6T" failures="0" tests="3" name="Default test" time="109.848" errors="0" timestamp="2025-01-22T12:21:18 CET">
  <testcase classname="testCases.ContactsPageText" name="selectMultipleContactsTest" time="1.149"/>
  <testcase classname="testCases.ContactsPageText" name="selectSingleContactsTest" time="1.122"/>
  <testcase classname="testCases.ContactsPageText" name="verifyContactsPageLabelTest" time="0.411"/>
</testsuite> <!-- Default test -->
